  baseaddr.cpp
C:\Users\Windows11\Desktop\tst\baseaddr\baseaddr\baseaddr.cpp(158,12): warning C4566: character represented by universal-character-name '\u0641' cannot be represented in the current code page (1252)
C:\Users\Windows11\Desktop\tst\baseaddr\baseaddr\baseaddr.cpp(158,12): warning C4566: character represented by universal-character-name '\u064A' cannot be represented in the current code page (1252)
C:\Users\Windows11\Desktop\tst\baseaddr\baseaddr\baseaddr.cpp(158,12): warning C4566: character represented by universal-character-name '\u0634' cannot be represented in the current code page (1252)
C:\Users\Windows11\Desktop\tst\baseaddr\baseaddr\baseaddr.cpp(158,12): warning C4566: character represented by universal-character-name '\u063A' cannot be represented in the current code page (1252)
C:\Users\Windows11\Desktop\tst\baseaddr\baseaddr\baseaddr.cpp(158,12): warning C4566: character represented by universal-character-name '\u0651' cannot be represented in the current code page (1252)
C:\Users\Windows11\Desktop\tst\baseaddr\baseaddr\baseaddr.cpp(158,12): warning C4566: character represented by universal-character-name '\u0644' cannot be represented in the current code page (1252)
C:\Users\Windows11\Desktop\tst\baseaddr\baseaddr\baseaddr.cpp(160,12): warning C4566: character represented by universal-character-name '\u0627' cannot be represented in the current code page (1252)
C:\Users\Windows11\Desktop\tst\baseaddr\baseaddr\baseaddr.cpp(160,12): warning C4566: character represented by universal-character-name '\u0644' cannot be represented in the current code page (1252)
C:\Users\Windows11\Desktop\tst\baseaddr\baseaddr\baseaddr.cpp(160,12): warning C4566: character represented by universal-character-name '\u0642' cannot be represented in the current code page (1252)
C:\Users\Windows11\Desktop\tst\baseaddr\baseaddr\baseaddr.cpp(160,12): warning C4566: character represented by universal-character-name '\u064A' cannot be represented in the current code page (1252)
C:\Users\Windows11\Desktop\tst\baseaddr\baseaddr\baseaddr.cpp(160,12): warning C4566: character represented by universal-character-name '\u0645' cannot be represented in the current code page (1252)
C:\Users\Windows11\Desktop\tst\baseaddr\baseaddr\baseaddr.cpp(160,12): warning C4566: character represented by universal-character-name '\u0629' cannot be represented in the current code page (1252)
C:\Users\Windows11\Desktop\tst\baseaddr\baseaddr\baseaddr.cpp(160,12): warning C4566: character represented by universal-character-name '\u062A' cannot be represented in the current code page (1252)
C:\Users\Windows11\Desktop\tst\baseaddr\baseaddr\baseaddr.cpp(160,12): warning C4566: character represented by universal-character-name '\u0648' cannot be represented in the current code page (1252)
C:\Users\Windows11\Desktop\tst\baseaddr\baseaddr\baseaddr.cpp(160,12): warning C4566: character represented by universal-character-name '\u0639' cannot be represented in the current code page (1252)
C:\Users\Windows11\Desktop\tst\baseaddr\baseaddr\baseaddr.cpp(160,12): warning C4566: character represented by universal-character-name '\u0623' cannot be represented in the current code page (1252)
C:\Users\Windows11\Desktop\tst\baseaddr\baseaddr\baseaddr.cpp(167,12): warning C4566: character represented by universal-character-name '\u2554' cannot be represented in the current code page (1252)
C:\Users\Windows11\Desktop\tst\baseaddr\baseaddr\baseaddr.cpp(167,12): warning C4566: character represented by universal-character-name '\u2550' cannot be represented in the current code page (1252)
C:\Users\Windows11\Desktop\tst\baseaddr\baseaddr\baseaddr.cpp(167,12): warning C4566: character represented by universal-character-name '\u2557' cannot be represented in the current code page (1252)
C:\Users\Windows11\Desktop\tst\baseaddr\baseaddr\baseaddr.cpp(168,12): warning C4566: character represented by universal-character-name '\u2551' cannot be represented in the current code page (1252)
C:\Users\Windows11\Desktop\tst\baseaddr\baseaddr\baseaddr.cpp(169,12): warning C4566: character represented by universal-character-name '\u2551' cannot be represented in the current code page (1252)
C:\Users\Windows11\Desktop\tst\baseaddr\baseaddr\baseaddr.cpp(170,12): warning C4566: character represented by universal-character-name '\u255A' cannot be represented in the current code page (1252)
C:\Users\Windows11\Desktop\tst\baseaddr\baseaddr\baseaddr.cpp(170,12): warning C4566: character represented by universal-character-name '\u2550' cannot be represented in the current code page (1252)
C:\Users\Windows11\Desktop\tst\baseaddr\baseaddr\baseaddr.cpp(170,12): warning C4566: character represented by universal-character-name '\u255D' cannot be represented in the current code page (1252)
C:\Users\Windows11\Desktop\tst\baseaddr\baseaddr\baseaddr.cpp(201,12): warning C4566: character represented by universal-character-name '\u2713' cannot be represented in the current code page (1252)
C:\Users\Windows11\Desktop\tst\baseaddr\baseaddr\baseaddr.cpp(202,12): warning C4566: character represented by universal-character-name '\u2713' cannot be represented in the current code page (1252)
  baseaddr.vcxproj -> C:\Users\Windows11\Desktop\tst\baseaddr\x64\Debug\baseaddr.exe
